<?xml version="1.0" encoding="UTF-8"?>
<testng-results ignored="0" total="1" passed="1" failed="0" skipped="0">
  <reporter-output>
  </reporter-output>
  <suite started-at="2024-10-01T18:53:20 IST" name="Suite" finished-at="2024-10-01T18:53:27 IST" duration-ms="7357">
    <groups>
      <group name="sanity">
        <method signature="LoginTestCase.verify_login()[pri:0, instance:testCases.LoginTestCase@723ca036]" name="verify_login" class="testCases.LoginTestCase"/>
      </group> <!-- sanity -->
    </groups>
    <test started-at="2024-10-01T18:53:20 IST" name="Test" finished-at="2024-10-01T18:53:27 IST" duration-ms="7357">
      <class name="testCases.LoginTestCase">
        <test-method is-config="true" signature="setup(java.lang.String,java.lang.String)[pri:0, instance:testCases.LoginTestCase@723ca036]" started-at="2024-10-01T18:53:20 IST" name="setup" finished-at="2024-10-01T18:53:24 IST" duration-ms="4008" status="PASS">
          <params>
            <param index="0">
              <value>
                <![CDATA[windows]]>
              </value>
            </param>
            <param index="1">
              <value>
                <![CDATA[edge]]>
              </value>
            </param>
          </params>
          <reporter-output>
          </reporter-output>
        </test-method> <!-- setup -->
        <test-method signature="verify_login()[pri:0, instance:testCases.LoginTestCase@723ca036]" started-at="2024-10-01T18:53:24 IST" name="verify_login" finished-at="2024-10-01T18:53:26 IST" duration-ms="1503" status="PASS">
          <reporter-output>
          </reporter-output>
        </test-method> <!-- verify_login -->
        <test-method is-config="true" signature="teardown()[pri:0, instance:testCases.LoginTestCase@723ca036]" started-at="2024-10-01T18:53:26 IST" name="teardown" finished-at="2024-10-01T18:53:27 IST" duration-ms="1408" status="PASS">
          <reporter-output>
          </reporter-output>
        </test-method> <!-- teardown -->
      </class> <!-- testCases.LoginTestCase -->
    </test> <!-- Test -->
  </suite> <!-- Suite -->
</testng-results>
