<?xml version="1.0" encoding="UTF-8"?>
<testng-results ignored="0" total="1" passed="1" failed="0" skipped="0">
  <reporter-output>
  </reporter-output>
  <suite started-at="2024-10-01T13:45:05 IST" name="Suite" finished-at="2024-10-01T13:45:18 IST" duration-ms="13245">
    <groups>
      <group name="sanity">
        <method signature="LoginTestCase.verify_login()[pri:0, instance:testCases.LoginTestCase@61c4eee0]" name="verify_login" class="testCases.LoginTestCase"/>
      </group> <!-- sanity -->
    </groups>
    <test started-at="2024-10-01T13:45:05 IST" name="Test" finished-at="2024-10-01T13:45:18 IST" duration-ms="13245">
      <class name="testCases.LoginTestCase">
        <test-method is-config="true" signature="setup(java.lang.String,java.lang.String)[pri:0, instance:testCases.LoginTestCase@61c4eee0]" started-at="2024-10-01T13:45:05 IST" name="setup" finished-at="2024-10-01T13:45:15 IST" duration-ms="10057" status="PASS">
          <params>
            <param index="0">
              <value>
                <![CDATA[windows]]>
              </value>
            </param>
            <param index="1">
              <value>
                <![CDATA[edge]]>
              </value>
            </param>
          </params>
          <reporter-output>
          </reporter-output>
        </test-method> <!-- setup -->
        <test-method signature="verify_login()[pri:0, instance:testCases.LoginTestCase@61c4eee0]" started-at="2024-10-01T13:45:15 IST" name="verify_login" finished-at="2024-10-01T13:45:17 IST" duration-ms="1653" status="PASS">
          <reporter-output>
          </reporter-output>
        </test-method> <!-- verify_login -->
        <test-method is-config="true" signature="teardown()[pri:0, instance:testCases.LoginTestCase@61c4eee0]" started-at="2024-10-01T13:45:17 IST" name="teardown" finished-at="2024-10-01T13:45:18 IST" duration-ms="1464" status="PASS">
          <reporter-output>
          </reporter-output>
        </test-method> <!-- teardown -->
      </class> <!-- testCases.LoginTestCase -->
    </test> <!-- Test -->
  </suite> <!-- Suite -->
</testng-results>
